[STERNIK] start (timeout=0).
[BOAT1] start max=659146830 T1=0s.
[BOAT2] start max=659146830 T2=0s.
[STERNIK] pass 0->boat1 disc=10
[BOAT1] Załadunek...
[BOAT1] pasażer 0(disc=1667331187) wsiada (0/0)
[STERNIK] pass 0->boat1 disc=10
[BOAT1] pasażer 0(disc=1667331187) wsiada (0/0)
[STERNIK] pass 0->boat1 disc=10
[BOAT1] pasażer 0(disc=1667331187) wsiada (0/0)
[STERNIK] pass 0->boat1 disc=10
[BOAT1] pasażer 0(disc=1667331187) wsiada (0/0)
[BOAT1] Wypływam z 1736986276.
[STERNIK] pass 0->boat1 disc=10
[STERNIK] pass 0->boat1 disc=10
[STERNIK] pass 0->boat1 disc=10
[STERNIK] pass 0->boat2 disc=10
[BOAT2] Załadunek...
[BOAT2] pasażer 0(disc=0,grp=1) wsiada (164706048/0)
[STERNIK] pass 0->boat1 disc=10
[STERNIK] pass 0->boat1 disc=10
[STERNIK] pass 0->boat1 disc=10
[BOAT2] Wypływam z 1736986281 pasażerami.
[BOAT1] Rejs koniec->outbound.
[BOAT1] pasażerowie wyszli.
[BOAT1] Załadunek...
[BOAT1] pasażer 0(disc=1667331187) wsiada (0/0)
[BOAT1] pasażer 0(disc=1667331187) wsiada (0/0)
[BOAT1] pasażer 0(disc=1667331187) wsiada (0/0)
[BOAT1] pasażer 0(disc=1667331187) wsiada (0/0)
[BOAT1] pasażer 0(disc=1667331187) wsiada (0/0)
[BOAT1] Wypływam z 1736986280.
[STERNIK] pass 0->boat2 disc=10
[STERNIK] pass 0->boat2 disc=10
[STERNIK] skip pass 1 -> queueBoat1_skip.
[BOAT1] Rejs koniec->outbound.
[BOAT1] pasażerowie wyszli.
[BOAT1] Załadunek...
[BOAT1] pasażer 0(disc=1667331187) wsiada (0/0)
[BOAT1] pasażer 0(disc=1667331187) wsiada (0/0)
[STERNIK] pass 0->boat1 disc=10
[BOAT1] pasażer 0(disc=1667331187) wsiada (0/0)
[STERNIK] pass 0->boat2 disc=10
[STERNIK] pass 0->boat1 disc=10
[BOAT1] pasażer 0(disc=1667331187) wsiada (0/0)
[BOAT2] Rejs koniec -> OUTBOUND.
[BOAT2] pasażerowie wyszli.
[BOAT2] Załadunek...
[BOAT2] pasażer 0(disc=0,grp=1) wsiada (1/0)
[BOAT2] pasażer 0(disc=0,grp=2) wsiada (1/0)
[BOAT2] pasażer 0(disc=0,grp=3) wsiada (1/0)
[STERNIK] pass 0->boat1 disc=10
[BOAT1] pasażer 0(disc=1667331187) wsiada (0/0)
[BOAT1] Wypływam z 1736986285.
[STERNIK] pass 0->boat1 disc=10
[STERNIK] pass 0->boat1 disc=10
[BOAT2] Wypływam z 1736986288 pasażerami.
[STERNIK] skip pass 1 -> queueBoat1_skip.
[BOAT1] Rejs koniec->outbound.
[BOAT1] pasażerowie wyszli.
[BOAT1] Załadunek...
[BOAT1] pasażer 0(disc=1667331187) wsiada (0/0)
[BOAT1] pasażer 0(disc=1667331187) wsiada (0/0)
[BOAT1] pasażer 0(disc=1667331187) wsiada (0/0)
[STERNIK] pass 0->boat2 disc=10
[STERNIK] pass 0->boat1 disc=10
[BOAT1] pasażer 0(disc=1667331187) wsiada (0/0)
[STERNIK] pass 0->boat1 disc=10
[BOAT1] pasażer 0(disc=1667331187) wsiada (0/0)
[BOAT1] Wypływam z 1736986290.
[STERNIK] pass 0->boat1 disc=10
[STERNIK] pass 0->boat2 disc=10
[STERNIK] pass 0->boat2 disc=10
[BOAT2] Rejs koniec -> OUTBOUND.
[BOAT2] pasażerowie wyszli.
[BOAT2] Załadunek...
[BOAT2] pasażer 0(disc=0,grp=1) wsiada (1/0)
[BOAT2] pasażer 0(disc=0,grp=2) wsiada (1/0)
[BOAT2] pasażer 0(disc=0,grp=3) wsiada (1/0)
